c:\users\gaming-pc\documents\visual studio 2015\projects\eepkeditor\eepkeditor\x64\debug\eepkeditor.pch
c:\users\gaming-pc\documents\visual studio 2015\projects\eepkeditor\eepkeditor\x64\debug\vc140.pdb
c:\users\gaming-pc\documents\visual studio 2015\projects\eepkeditor\eepkeditor\x64\debug\vc140.idb
c:\users\gaming-pc\documents\visual studio 2015\projects\eepkeditor\eepkeditor\x64\debug\stdafx.obj
c:\users\gaming-pc\documents\visual studio 2015\projects\eepkeditor\eepkeditor\x64\debug\anchorform.obj
c:\users\gaming-pc\documents\visual studio 2015\projects\eepkeditor\eepkeditor\x64\debug\binaryreader.obj
c:\users\gaming-pc\documents\visual studio 2015\projects\eepkeditor\eepkeditor\x64\debug\binarywriter.obj
c:\users\gaming-pc\documents\visual studio 2015\projects\eepkeditor\eepkeditor\x64\debug\bitconverter.obj
c:\users\gaming-pc\documents\visual studio 2015\projects\eepkeditor\eepkeditor\x64\debug\eepk.obj
c:\users\gaming-pc\documents\visual studio 2015\projects\eepkeditor\eepkeditor\x64\debug\eepkeditor.obj
c:\users\gaming-pc\documents\visual studio 2015\projects\eepkeditor\eepkeditor\x64\debug\effectform.obj
c:\users\gaming-pc\documents\visual studio 2015\projects\eepkeditor\eepkeditor\x64\debug\mainform.obj
c:\users\gaming-pc\documents\visual studio 2015\projects\eepkeditor\x64\debug\eepkeditor.ilk
c:\users\gaming-pc\documents\visual studio 2015\projects\eepkeditor\x64\debug\eepkeditor.exe
c:\users\gaming-pc\documents\visual studio 2015\projects\eepkeditor\x64\debug\eepkeditor.pdb
c:\users\gaming-pc\documents\visual studio 2015\projects\eepkeditor\eepkeditor\x64\debug\eepkeditor.tlog\cl.command.1.tlog
c:\users\gaming-pc\documents\visual studio 2015\projects\eepkeditor\eepkeditor\x64\debug\eepkeditor.tlog\cl.read.1.tlog
c:\users\gaming-pc\documents\visual studio 2015\projects\eepkeditor\eepkeditor\x64\debug\eepkeditor.tlog\cl.write.1.tlog
c:\users\gaming-pc\documents\visual studio 2015\projects\eepkeditor\eepkeditor\x64\debug\eepkeditor.tlog\eepkeditor.write.1u.tlog
c:\users\gaming-pc\documents\visual studio 2015\projects\eepkeditor\eepkeditor\x64\debug\eepkeditor.tlog\link.command.1.tlog
c:\users\gaming-pc\documents\visual studio 2015\projects\eepkeditor\eepkeditor\x64\debug\eepkeditor.tlog\link.read.1.tlog
c:\users\gaming-pc\documents\visual studio 2015\projects\eepkeditor\eepkeditor\x64\debug\eepkeditor.tlog\link.write.1.tlog
